Start testing: Jan 21 13:40 CET
----------------------------------------------------------
1/28 Testing: 1-diag-real-matrix
1/28 Test: 1-diag-real-matrix
Command: "/home/stafusa/ALF/ALF/testsuite/tests/matmod.tests/1-diag-real-matrix"
Directory: /home/stafusa/ALF/ALF/testsuite/tests/matmod.tests
"1-diag-real-matrix" start time: Jan 21 13:40 CET
Output:
----------------------------------------------------------
 success
<end of output>
Test time =   0.03 sec
----------------------------------------------------------
Test Passed.
"1-diag-real-matrix" end time: Jan 21 13:40 CET
"1-diag-real-matrix" time elapsed: 00:00:00
----------------------------------------------------------

2/28 Testing: 2-inv-r0
2/28 Test: 2-inv-r0
Command: "/home/stafusa/ALF/ALF/testsuite/tests/matmod.tests/2-inv-r0"
Directory: /home/stafusa/ALF/ALF/testsuite/tests/matmod.tests
"2-inv-r0" start time: Jan 21 13:40 CET
Output:
----------------------------------------------------------
 success
<end of output>
Test time =   0.01 sec
----------------------------------------------------------
Test Passed.
"2-inv-r0" end time: Jan 21 13:40 CET
"2-inv-r0" time elapsed: 00:00:00
----------------------------------------------------------

3/28 Testing: 3-inv-R-variable
3/28 Test: 3-inv-R-variable
Command: "/home/stafusa/ALF/ALF/testsuite/tests/matmod.tests/3-inv-R-variable"
Directory: /home/stafusa/ALF/ALF/testsuite/tests/matmod.tests
"3-inv-R-variable" start time: Jan 21 13:40 CET
Output:
----------------------------------------------------------
 success
<end of output>
Test time =   0.01 sec
----------------------------------------------------------
Test Passed.
"3-inv-R-variable" end time: Jan 21 13:40 CET
"3-inv-R-variable" time elapsed: 00:00:00
----------------------------------------------------------

4/28 Testing: 4-inv-R-variable-1
4/28 Test: 4-inv-R-variable-1
Command: "/home/stafusa/ALF/ALF/testsuite/tests/matmod.tests/4-inv-R-variable-1"
Directory: /home/stafusa/ALF/ALF/testsuite/tests/matmod.tests
"4-inv-R-variable-1" start time: Jan 21 13:40 CET
Output:
----------------------------------------------------------
 success
<end of output>
Test time =   0.01 sec
----------------------------------------------------------
Test Passed.
"4-inv-R-variable-1" end time: Jan 21 13:40 CET
"4-inv-R-variable-1" time elapsed: 00:00:00
----------------------------------------------------------

5/28 Testing: 5-inv-R1
5/28 Test: 5-inv-R1
Command: "/home/stafusa/ALF/ALF/testsuite/tests/matmod.tests/5-inv-R1"
Directory: /home/stafusa/ALF/ALF/testsuite/tests/matmod.tests
"5-inv-R1" start time: Jan 21 13:40 CET
Output:
----------------------------------------------------------
 success
<end of output>
Test time =   0.01 sec
----------------------------------------------------------
Test Passed.
"5-inv-R1" end time: Jan 21 13:40 CET
"5-inv-R1" time elapsed: 00:00:00
----------------------------------------------------------

6/28 Testing: 6-inv_C
6/28 Test: 6-inv_C
Command: "/home/stafusa/ALF/ALF/testsuite/tests/matmod.tests/6-inv_C"
Directory: /home/stafusa/ALF/ALF/testsuite/tests/matmod.tests
"6-inv_C" start time: Jan 21 13:40 CET
Output:
----------------------------------------------------------
 success
<end of output>
Test time =   0.01 sec
----------------------------------------------------------
Test Passed.
"6-inv_C" end time: Jan 21 13:40 CET
"6-inv_C" time elapsed: 00:00:00
----------------------------------------------------------

7/28 Testing: 7-inv_C_variable
7/28 Test: 7-inv_C_variable
Command: "/home/stafusa/ALF/ALF/testsuite/tests/matmod.tests/7-inv_C_variable"
Directory: /home/stafusa/ALF/ALF/testsuite/tests/matmod.tests
"7-inv_C_variable" start time: Jan 21 13:40 CET
Output:
----------------------------------------------------------
 success
<end of output>
Test time =   0.01 sec
----------------------------------------------------------
Test Passed.
"7-inv_C_variable" end time: Jan 21 13:40 CET
"7-inv_C_variable" time elapsed: 00:00:00
----------------------------------------------------------

8/28 Testing: 8-inv-C1
8/28 Test: 8-inv-C1
Command: "/home/stafusa/ALF/ALF/testsuite/tests/matmod.tests/8-inv-C1"
Directory: /home/stafusa/ALF/ALF/testsuite/tests/matmod.tests
"8-inv-C1" start time: Jan 21 13:40 CET
Output:
----------------------------------------------------------
 success
<end of output>
Test time =   0.01 sec
----------------------------------------------------------
Test Passed.
"8-inv-C1" end time: Jan 21 13:40 CET
"8-inv-C1" time elapsed: 00:00:00
----------------------------------------------------------

9/28 Testing: 9-inv-C1_test2
9/28 Test: 9-inv-C1_test2
Command: "/home/stafusa/ALF/ALF/testsuite/tests/matmod.tests/9-inv-C1_test2"
Directory: /home/stafusa/ALF/ALF/testsuite/tests/matmod.tests
"9-inv-C1_test2" start time: Jan 21 13:40 CET
Output:
----------------------------------------------------------
 success
<end of output>
Test time =   0.01 sec
----------------------------------------------------------
Test Passed.
"9-inv-C1_test2" end time: Jan 21 13:40 CET
"9-inv-C1_test2" time elapsed: 00:00:00
----------------------------------------------------------

10/28 Testing: 10-initd_C
10/28 Test: 10-initd_C
Command: "/home/stafusa/ALF/ALF/testsuite/tests/matmod.tests/10-initd_C"
Directory: /home/stafusa/ALF/ALF/testsuite/tests/matmod.tests
"10-initd_C" start time: Jan 21 13:40 CET
Output:
----------------------------------------------------------
 success
<end of output>
Test time =   0.01 sec
----------------------------------------------------------
Test Passed.
"10-initd_C" end time: Jan 21 13:40 CET
"10-initd_C" time elapsed: 00:00:00
----------------------------------------------------------

11/28 Testing: 11-UDV-C
11/28 Test: 11-UDV-C
Command: "/home/stafusa/ALF/ALF/testsuite/tests/matmod.tests/11-UDV-C"
Directory: /home/stafusa/ALF/ALF/testsuite/tests/matmod.tests
"11-UDV-C" start time: Jan 21 13:40 CET
Output:
----------------------------------------------------------
 Accuracy, ortho:    2.2204460492503131E-016
<end of output>
Test time =   0.01 sec
----------------------------------------------------------
Test Passed.
"11-UDV-C" end time: Jan 21 13:40 CET
"11-UDV-C" time elapsed: 00:00:00
----------------------------------------------------------

12/28 Testing: 12-UDV-R
12/28 Test: 12-UDV-R
Command: "/home/stafusa/ALF/ALF/testsuite/tests/matmod.tests/12-UDV-R"
Directory: /home/stafusa/ALF/ALF/testsuite/tests/matmod.tests
"12-UDV-R" start time: Jan 21 13:40 CET
Output:
----------------------------------------------------------
 Accuracy:    8.3266726846886741E-017
 UDV1 orth U:    8.8817841970012523E-016
<end of output>
Test time =   0.01 sec
----------------------------------------------------------
Test Passed.
"12-UDV-R" end time: Jan 21 13:40 CET
"12-UDV-R" time elapsed: 00:00:00
----------------------------------------------------------

13/28 Testing: 9-Op-Phase
13/28 Test: 9-Op-Phase
Command: "/home/stafusa/ALF/ALF/testsuite/tests/Prog.tests/9-Op-Phase"
Directory: /home/stafusa/ALF/ALF/testsuite/tests/Prog.tests
"9-Op-Phase" start time: Jan 21 13:40 CET
Output:
----------------------------------------------------------
 success
<end of output>
Test time =   0.01 sec
----------------------------------------------------------
Test Passed.
"9-Op-Phase" end time: Jan 21 13:40 CET
"9-Op-Phase" time elapsed: 00:00:00
----------------------------------------------------------

14/28 Testing: 10-Op-mmultL
14/28 Test: 10-Op-mmultL
Command: "/home/stafusa/ALF/ALF/testsuite/tests/Prog.tests/10-Op-mmultL"
Directory: /home/stafusa/ALF/ALF/testsuite/tests/Prog.tests
"10-Op-mmultL" start time: Jan 21 13:40 CET
Output:
----------------------------------------------------------
 success
<end of output>
Test time =   0.01 sec
----------------------------------------------------------
Test Passed.
"10-Op-mmultL" end time: Jan 21 13:40 CET
"10-Op-mmultL" time elapsed: 00:00:00
----------------------------------------------------------

15/28 Testing: 11-Op-mmultR
15/28 Test: 11-Op-mmultR
Command: "/home/stafusa/ALF/ALF/testsuite/tests/Prog.tests/11-Op-mmultR"
Directory: /home/stafusa/ALF/ALF/testsuite/tests/Prog.tests
"11-Op-mmultR" start time: Jan 21 13:40 CET
Output:
----------------------------------------------------------
 success
<end of output>
Test time =   0.01 sec
----------------------------------------------------------
Test Passed.
"11-Op-mmultR" end time: Jan 21 13:40 CET
"11-Op-mmultR" time elapsed: 00:00:00
----------------------------------------------------------

16/28 Testing: 13-Op-Wrapup
16/28 Test: 13-Op-Wrapup
Command: "/home/stafusa/ALF/ALF/testsuite/tests/Prog.tests/13-Op-Wrapup"
Directory: /home/stafusa/ALF/ALF/testsuite/tests/Prog.tests
"13-Op-Wrapup" start time: Jan 21 13:40 CET
Output:
----------------------------------------------------------
 SUCCESS
<end of output>
Test time =   0.01 sec
----------------------------------------------------------
Test Passed.
"13-Op-Wrapup" end time: Jan 21 13:40 CET
"13-Op-Wrapup" time elapsed: 00:00:00
----------------------------------------------------------

17/28 Testing: 14-Op-Wrapdo
17/28 Test: 14-Op-Wrapdo
Command: "/home/stafusa/ALF/ALF/testsuite/tests/Prog.tests/14-Op-Wrapdo"
Directory: /home/stafusa/ALF/ALF/testsuite/tests/Prog.tests
"14-Op-Wrapdo" start time: Jan 21 13:40 CET
Output:
----------------------------------------------------------
 success
<end of output>
Test time =   0.01 sec
----------------------------------------------------------
Test Passed.
"14-Op-Wrapdo" end time: Jan 21 13:40 CET
"14-Op-Wrapdo" time elapsed: 00:00:00
----------------------------------------------------------

18/28 Testing: 15-cgr
18/28 Test: 15-cgr
Command: "/home/stafusa/ALF/ALF/testsuite/tests/Prog.tests/15-cgr"
Directory: /home/stafusa/ALF/ALF/testsuite/tests/Prog.tests
"15-cgr" start time: Jan 21 13:40 CET
Output:
----------------------------------------------------------
 calling wrong decompose
 calling wrong decompose
 calling wrong decompose
 calling wrong decompose
 success
<end of output>
Test time =   0.01 sec
----------------------------------------------------------
Test Passed.
"15-cgr" end time: Jan 21 13:40 CET
"15-cgr" time elapsed: 00:00:00
----------------------------------------------------------

19/28 Testing: 16-get-blocks
19/28 Test: 16-get-blocks
Command: "/home/stafusa/ALF/ALF/testsuite/tests/Prog.tests/16-get-blocks"
Directory: /home/stafusa/ALF/ALF/testsuite/tests/Prog.tests
"16-get-blocks" start time: Jan 21 13:40 CET
Output:
----------------------------------------------------------
<end of output>
Test time =   0.00 sec
----------------------------------------------------------
Test Passed.
"16-get-blocks" end time: Jan 21 13:40 CET
"16-get-blocks" time elapsed: 00:00:00
----------------------------------------------------------

20/28 Testing: 17-solve-extended-system
20/28 Test: 17-solve-extended-system
Command: "/home/stafusa/ALF/ALF/testsuite/tests/Prog.tests/17-solve-extended-system"
Directory: /home/stafusa/ALF/ALF/testsuite/tests/Prog.tests
"17-solve-extended-system" start time: Jan 21 13:40 CET
Output:
----------------------------------------------------------
<end of output>
Test time =   0.01 sec
----------------------------------------------------------
Test Passed.
"17-solve-extended-system" end time: Jan 21 13:40 CET
"17-solve-extended-system" time elapsed: 00:00:00
----------------------------------------------------------

21/28 Testing: 18-ul-update-matrices
21/28 Test: 18-ul-update-matrices
Command: "/home/stafusa/ALF/ALF/testsuite/tests/Prog.tests/18-ul-update-matrices"
Directory: /home/stafusa/ALF/ALF/testsuite/tests/Prog.tests
"18-ul-update-matrices" start time: Jan 21 13:40 CET
Output:
----------------------------------------------------------
 Accuracy, ortho:    1.3322676295501878E-015
 Check afer  Pivoting   1.6653345369377348E-016
 Accuracy, ortho:    1.5543122344752192E-015
 Check afer  Pivoting   3.8857805861880479E-016
 Accuracy, ortho:    8.8817841970012523E-016
 Check afer  Pivoting   1.6653345369377348E-016
 Accuracy, ortho:    1.5543122344752192E-015
 Check afer  Pivoting   2.2204460492503131E-016
 Accuracy, ortho:    3.7747582837255322E-015
 Check afer  Pivoting   2.2204460492503131E-016
 Accuracy, ortho:    3.7747582837255322E-015
 Check afer  Pivoting   2.2204460492503131E-016
 Accuracy, ortho:    2.6645352591003757E-015
 Check afer  Pivoting   2.4980018054066022E-016
 Accuracy, ortho:    4.2188474935755949E-015
 Check afer  Pivoting   4.1633363423443370E-016
 Accuracy, ortho:    2.6645352591003757E-015
 Check afer  Pivoting   2.7755575615628914E-016
 Accuracy, ortho:    4.2188474935755949E-015
 Check afer  Pivoting   5.5511151231257827E-016
 Accuracy, ortho:    5.7731597280508140E-015
 Check afer  Pivoting   4.4408920985006262E-016
 Accuracy, ortho:    5.3290705182007514E-015
 Check afer  Pivoting   1.2490009027033011E-016
 Accuracy, ortho:    6.8833827526759706E-015
 Check afer  Pivoting   5.8286708792820718E-016
 Accuracy, ortho:    5.3290705182007514E-015
 Check afer  Pivoting   4.4408920985006262E-016
 Accuracy, ortho:    6.8833827526759706E-015
 Check afer  Pivoting   3.3306690738754696E-016
 Accuracy, ortho:    7.3274719625260332E-015
 Check afer  Pivoting   5.8286708792820718E-016
 Accuracy, ortho:    4.2188474935755949E-015
 Check afer  Pivoting   2.0816681711721685E-016
 Accuracy, ortho:    5.5511151231257827E-015
 Check afer  Pivoting   1.9428902930940239E-016
 Accuracy, ortho:    5.7731597280508140E-015
 Check afer  Pivoting   7.7715611723760958E-016
 Accuracy, ortho:    8.8817841970012523E-015
 Check afer  Pivoting   6.6613381477509392E-016
 Accuracy, ortho:    8.6597395920762210E-015
 Check afer  Pivoting   7.7715611723760958E-016
 Accuracy, ortho:    1.1768364061026659E-014
 Check afer  Pivoting   2.4980018054066022E-016
 Accuracy, ortho:    6.8833827526759706E-015
 Check afer  Pivoting   3.8857805861880479E-016
 Accuracy, ortho:    9.9920072216264089E-015
 Check afer  Pivoting   3.3306690738754696E-016
 Accuracy, ortho:    9.5479180117763462E-015
 Check afer  Pivoting   2.2204460492503131E-016
 Accuracy, ortho:    1.1546319456101628E-014
 Check afer  Pivoting   3.6082248300317588E-016
 Accuracy, ortho:    1.0436096431476471E-014
 Check afer  Pivoting   4.4408920985006262E-016
 Accuracy, ortho:    1.0436096431476471E-014
 Check afer  Pivoting   2.7755575615628914E-016
 Accuracy, ortho:    9.9920072216264089E-015
 Check afer  Pivoting   4.9960036108132044E-016
 Accuracy, ortho:    1.1990408665951691E-014
 Check afer  Pivoting   2.9143354396410359E-016
 Accuracy, ortho:    1.6209256159527285E-014
 Check afer  Pivoting   1.1102230246251565E-015
 Accuracy, ortho:    1.2212453270876722E-014
 Check afer  Pivoting   7.2164496600635175E-016
 Accuracy, ortho:    1.2656542480726785E-014
 Check afer  Pivoting   4.4408920985006262E-016
 Accuracy, ortho:    1.1102230246251565E-014
 Check afer  Pivoting   7.2164496600635175E-016
 Accuracy, ortho:    1.3100631690576847E-014
 Check afer  Pivoting   5.8286708792820718E-016
 Accuracy, ortho:    1.4876988529977098E-014
 Check afer  Pivoting   5.5511151231257827E-016
 Accuracy, ortho:    1.1990408665951691E-014
 Check afer  Pivoting   4.4408920985006262E-016
 Accuracy, ortho:    1.4210854715202004E-014
 Check afer  Pivoting   2.4980018054066022E-016
 Accuracy, ortho:    9.9920072216264089E-015
 Check afer  Pivoting   4.1633363423443370E-016
 Accuracy, ortho:    1.3766765505351941E-014
 Check afer  Pivoting   4.4408920985006262E-016
 success
<end of output>
Test time =   0.47 sec
----------------------------------------------------------
Test Passed.
"18-ul-update-matrices" end time: Jan 21 13:40 CET
"18-ul-update-matrices" time elapsed: 00:00:00
----------------------------------------------------------

22/28 Testing: 19-ur-update-matrices
22/28 Test: 19-ur-update-matrices
Command: "/home/stafusa/ALF/ALF/testsuite/tests/Prog.tests/19-ur-update-matrices"
Directory: /home/stafusa/ALF/ALF/testsuite/tests/Prog.tests
"19-ur-update-matrices" start time: Jan 21 13:40 CET
Output:
----------------------------------------------------------
 Accuracy, ortho:    1.1102230246251565E-016
 Check afer  Pivoting   6.2172489379008766E-015
 Accuracy, ortho:    1.9428902930940239E-016
 Check afer  Pivoting   1.4210854715202004E-014
 Accuracy, ortho:    6.6613381477509392E-016
 Check afer  Pivoting   3.9079850466805510E-014
 Accuracy, ortho:    4.4408920985006262E-016
 Check afer  Pivoting   4.6185277824406512E-014
 Accuracy, ortho:    5.5511151231257827E-016
 Check afer  Pivoting   1.2079226507921703E-013
 Accuracy, ortho:    1.1102230246251565E-015
 Check afer  Pivoting   1.9895196601282805E-013
 Accuracy, ortho:    6.6613381477509392E-016
 Check afer  Pivoting   1.9184653865522705E-013
 Accuracy, ortho:    7.7715611723760958E-016
 Check afer  Pivoting   2.7000623958883807E-013
 Accuracy, ortho:    3.8857805861880479E-016
 Check afer  Pivoting   3.2684965844964609E-013
 Accuracy, ortho:    3.3306690738754696E-016
 Check afer  Pivoting   1.9895196601282805E-013
 Accuracy, ortho:    3.0531133177191805E-016
 Check afer  Pivoting   4.5474735088646412E-013
 Accuracy, ortho:    7.7715611723760958E-016
 Check afer  Pivoting   4.6895820560166612E-013
 Accuracy, ortho:    7.7715611723760958E-016
 Check afer  Pivoting   7.5317529990570620E-013
 Accuracy, ortho:    8.8817841970012523E-016
 Check afer  Pivoting   7.6738615462090820E-013
 Accuracy, ortho:    7.7715611723760958E-016
 Check afer  Pivoting   8.2422957348171622E-013
 Accuracy, ortho:    6.6613381477509392E-016
 Check afer  Pivoting   8.8107299234252423E-013
 Accuracy, ortho:    1.2212453270876722E-015
 Check afer  Pivoting   1.1084466677857563E-012
 Accuracy, ortho:    4.4408920985006262E-016
 Check afer  Pivoting   1.3358203432289883E-012
 Accuracy, ortho:    7.2164496600635175E-016
 Check afer  Pivoting   9.0949470177292824E-013
 Accuracy, ortho:    5.5511151231257827E-016
 Check afer  Pivoting   1.3642420526593924E-012
 success
<end of output>
Test time =   0.25 sec
----------------------------------------------------------
Test Passed.
"19-ur-update-matrices" end time: Jan 21 13:40 CET
"19-ur-update-matrices" time elapsed: 00:00:00
----------------------------------------------------------

23/28 Testing: 20-qdrp
23/28 Test: 20-qdrp
Command: "/home/stafusa/ALF/ALF/testsuite/tests/Prog.tests/20-qdrp"
Directory: /home/stafusa/ALF/ALF/testsuite/tests/Prog.tests
"20-qdrp" start time: Jan 21 13:40 CET
Output:
----------------------------------------------------------
<end of output>
Test time =   0.01 sec
----------------------------------------------------------
Test Passed.
"20-qdrp" end time: Jan 21 13:40 CET
"20-qdrp" time elapsed: 00:00:00
----------------------------------------------------------

24/28 Testing: 21-Op-make
24/28 Test: 21-Op-make
Command: "/home/stafusa/ALF/ALF/testsuite/tests/Prog.tests/21-Op-make"
Directory: /home/stafusa/ALF/ALF/testsuite/tests/Prog.tests
"21-Op-make" start time: Jan 21 13:40 CET
Output:
----------------------------------------------------------
 success
<end of output>
Test time =   0.01 sec
----------------------------------------------------------
Test Passed.
"21-Op-make" end time: Jan 21 13:40 CET
"21-Op-make" time elapsed: 00:00:00
----------------------------------------------------------

25/28 Testing: 22-sl-mat-mults
25/28 Test: 22-sl-mat-mults
Command: "/home/stafusa/ALF/ALF/testsuite/tests/Prog.tests/22-sl-mat-mults"
Directory: /home/stafusa/ALF/ALF/testsuite/tests/Prog.tests
"22-sl-mat-mults" start time: Jan 21 13:40 CET
Output:
----------------------------------------------------------
 SUCCESS
<end of output>
Test time =   0.01 sec
----------------------------------------------------------
Test Passed.
"22-sl-mat-mults" end time: Jan 21 13:40 CET
"22-sl-mat-mults" time elapsed: 00:00:00
----------------------------------------------------------

26/28 Testing: 23-cgrp
26/28 Test: 23-cgrp
Command: "/home/stafusa/ALF/ALF/testsuite/tests/Prog.tests/23-cgrp"
Directory: /home/stafusa/ALF/ALF/testsuite/tests/Prog.tests
"23-cgrp" start time: Jan 21 13:40 CET
Output:
----------------------------------------------------------
 success
<end of output>
Test time =   0.01 sec
----------------------------------------------------------
Test Passed.
"23-cgrp" end time: Jan 21 13:40 CET
"23-cgrp" time elapsed: 00:00:00
----------------------------------------------------------

27/28 Testing: 24-udv
27/28 Test: 24-udv
Command: "/home/stafusa/ALF/ALF/testsuite/tests/Prog.tests/24-udv"
Directory: /home/stafusa/ALF/ALF/testsuite/tests/Prog.tests
"24-udv" start time: Jan 21 13:40 CET
Output:
----------------------------------------------------------
 Right:    2.4525628233156873E-015
 Left:    2.4525628233156873E-015
 Right:    1.3203721447146771E-014
 Left:    1.3203721447146771E-014
 Right:    6.5321884819258336E-014
 Left:    6.5321884819258336E-014
 Right:    3.6397547304618732E-013
 Left:    3.6397547304618732E-013
 Right:    2.1914225415231652E-012
 Left:    2.1914225415231652E-012
 Right:    1.2934344934663288E-011
 Left:    1.2934344934663288E-011
 Right:    5.2467676512081949E-011
 Left:    5.2467676512081949E-011
 Right:    2.9103830456733704E-010
 Left:    2.9103830456733704E-010
 Right:    1.6339669059517559E-009
 Left:    1.6339669059517559E-009
 Right:    8.2533865545114773E-009
 Left:    8.2533865545114773E-009
<end of output>
Test time =   0.02 sec
----------------------------------------------------------
Test Passed.
"24-udv" end time: Jan 21 13:40 CET
"24-udv" time elapsed: 00:00:00
----------------------------------------------------------

28/28 Testing: 25-assign-UDV-state
28/28 Test: 25-assign-UDV-state
Command: "/home/stafusa/ALF/ALF/testsuite/tests/Prog.tests/25-assign-UDV-state"
Directory: /home/stafusa/ALF/ALF/testsuite/tests/Prog.tests
"25-assign-UDV-state" start time: Jan 21 13:40 CET
Output:
----------------------------------------------------------
 success
<end of output>
Test time =   0.01 sec
----------------------------------------------------------
Test Passed.
"25-assign-UDV-state" end time: Jan 21 13:40 CET
"25-assign-UDV-state" time elapsed: 00:00:00
----------------------------------------------------------

End testing: Jan 21 13:40 CET
